C:\Program Files\Microsoft Visual Studio\2022\Community\MSBuild\Microsoft\VC\v170\Microsoft.CppBuild.targets(517,5): warning MSB8004: Output Directory does not end with a trailing slash.  This build instance will add the slash as it is required to allow proper evaluation of the Output Directory.
  enemy.cpp
  gameobject.cpp
  gamestate.cpp
  heart.cpp
  level.cpp
C:\Bounce\Stage4\level.cpp(138,34): warning C4305: 'argument': truncation from 'double' to 'float'
C:\Bounce\Stage4\level.cpp(143,35): warning C4305: 'argument': truncation from 'double' to 'float'
C:\Bounce\Stage4\level.cpp(248,34): warning C4305: 'argument': truncation from 'double' to 'float'
C:\Bounce\Stage4\level.cpp(377,33): warning C4305: 'argument': truncation from 'double' to 'float'
C:\Bounce\Stage4\level.cpp(381,33): warning C4305: 'argument': truncation from 'double' to 'float'
C:\Bounce\Stage4\level.cpp(420,33): warning C4305: 'argument': truncation from 'double' to 'float'
C:\Bounce\Stage4\level.cpp(427,33): warning C4305: 'argument': truncation from 'double' to 'float'
C:\Bounce\Stage4\level.cpp(1925,35): warning C4305: 'argument': truncation from 'double' to 'float'
C:\Bounce\Stage4\level.cpp(2148,30): warning C4244: 'argument': conversion from 'int' to 'float', possible loss of data
C:\Bounce\Stage4\level.cpp(2148,27): warning C4244: 'argument': conversion from 'int' to 'float', possible loss of data
C:\Bounce\Stage4\level.cpp(2151,30): warning C4244: 'argument': conversion from 'int' to 'float', possible loss of data
C:\Bounce\Stage4\level.cpp(2151,27): warning C4244: 'argument': conversion from 'int' to 'float', possible loss of data
C:\Bounce\Stage4\level.cpp(2156,30): warning C4244: 'argument': conversion from 'int' to 'float', possible loss of data
C:\Bounce\Stage4\level.cpp(2156,27): warning C4244: 'argument': conversion from 'int' to 'float', possible loss of data
C:\Bounce\Stage4\level.cpp(2159,30): warning C4244: 'argument': conversion from 'int' to 'float', possible loss of data
C:\Bounce\Stage4\level.cpp(2159,27): warning C4244: 'argument': conversion from 'int' to 'float', possible loss of data
C:\Bounce\Stage4\level.cpp(2164,26): warning C4244: 'argument': conversion from 'int' to 'float', possible loss of data
C:\Bounce\Stage4\level.cpp(2167,26): warning C4244: 'argument': conversion from 'int' to 'float', possible loss of data
C:\Bounce\Stage4\level.cpp(2171,26): warning C4244: 'argument': conversion from 'int' to 'float', possible loss of data
  main.cpp
  player.cpp
  spikes.cpp
  star.cpp
  Generating code
  Previous IPDB not found, fall back to full compilation.
  All 534 functions were compiled because no usable IPDB/IOBJ from previous compilation was found.
  Finished generating code
  Stage4.vcxproj -> C:\Bounce\bin\Stage4.exe
